2025-04-17 11:54:49,356 [Worker-2: Loading available Gradle versions] INFO  o.e.b.c.i.u.g.PublishedGradleVersions - Gradle version information cache is not available. Remote download required.
2025-04-17 11:54:58,836 [Worker-4: Building] INFO  o.a.m.s.f.DefaultMavenResourcesFiltering - Copying 1 resource from src/main/resources to target/classes
2025-04-17 11:54:58,950 [Worker-4: Building] INFO  o.a.m.s.f.DefaultMavenResourcesFiltering - Copying 0 resource from src/main/resources to target/classes
2025-04-17 11:54:58,973 [Worker-4: Building] INFO  o.a.m.s.f.DefaultMavenResourcesFiltering - skip non existing resourceDirectory /home/avanish/Documents/springboot-kafka-microservices/base-domain/src/test/resources
2025-04-17 11:55:02,273 [Worker-4: Building] INFO  o.e.m.c.i.p.WorkspaceClassifierResolverManager - Resolving P/base-domain: com.base:base-domain:0.0.1-SNAPSHOT with classifier  to /base-domain/target/classes
2025-04-17 11:55:02,521 [Worker-4: Building] INFO  o.a.m.s.f.DefaultMavenResourcesFiltering - Copying 1 resource from src/main/resources to target/classes
2025-04-17 11:55:02,592 [Worker-4: Building] INFO  o.a.m.s.f.DefaultMavenResourcesFiltering - Copying 0 resource from src/main/resources to target/classes
2025-04-17 11:55:02,605 [Worker-4: Building] INFO  o.a.m.s.f.DefaultMavenResourcesFiltering - skip non existing resourceDirectory /home/avanish/Documents/springboot-kafka-microservices/email-service/src/test/resources
2025-04-17 11:55:04,081 [Worker-4: Building] INFO  o.e.m.c.i.p.WorkspaceClassifierResolverManager - Resolving P/base-domain: com.base:base-domain:0.0.1-SNAPSHOT with classifier  to /base-domain/target/classes
2025-04-17 11:55:04,451 [Worker-4: Building] INFO  o.a.m.s.f.DefaultMavenResourcesFiltering - Copying 1 resource from src/main/resources to target/classes
2025-04-17 11:55:04,495 [Worker-4: Building] INFO  o.a.m.s.f.DefaultMavenResourcesFiltering - Copying 0 resource from src/main/resources to target/classes
2025-04-17 11:55:04,510 [Worker-4: Building] INFO  o.a.m.s.f.DefaultMavenResourcesFiltering - skip non existing resourceDirectory /home/avanish/Documents/springboot-kafka-microservices/order-service/src/test/resources
2025-04-17 11:55:05,826 [Worker-4: Building] INFO  o.e.m.c.i.p.WorkspaceClassifierResolverManager - Resolving P/base-domain: com.base:base-domain:0.0.1-SNAPSHOT with classifier  to /base-domain/target/classes
2025-04-17 11:55:06,022 [Worker-4: Building] INFO  o.a.m.s.f.DefaultMavenResourcesFiltering - Copying 1 resource from src/main/resources to target/classes
2025-04-17 11:55:06,067 [Worker-4: Building] INFO  o.a.m.s.f.DefaultMavenResourcesFiltering - Copying 0 resource from src/main/resources to target/classes
2025-04-17 11:55:06,072 [Worker-4: Building] INFO  o.a.m.s.f.DefaultMavenResourcesFiltering - skip non existing resourceDirectory /home/avanish/Documents/springboot-kafka-microservices/stock-service/src/test/resources
2025-04-17 12:02:26,265 [Worker-7: Launching order-service - OrderServiceApplication] INFO  o.e.m.c.i.p.WorkspaceClassifierResolverManager - Resolving P/base-domain: com.base:base-domain:0.0.1-SNAPSHOT with classifier null to /base-domain/target/classes
2025-04-17 12:02:26,314 [Worker-7: Launching order-service - OrderServiceApplication] INFO  o.e.m.c.i.p.WorkspaceClassifierResolverManager - Resolving P/base-domain: com.base:base-domain:0.0.1-SNAPSHOT with classifier null to /base-domain/target/classes
2025-04-17 12:02:26,353 [Worker-7: Launching order-service - OrderServiceApplication] INFO  o.e.m.c.i.p.WorkspaceClassifierResolverManager - Resolving P/base-domain: com.base:base-domain:0.0.1-SNAPSHOT with classifier null to /base-domain/target/classes
2025-04-17 12:06:31,881 [Worker-11: Launching stock-service - StockServiceApplication] INFO  o.e.m.c.i.p.WorkspaceClassifierResolverManager - Resolving P/base-domain: com.base:base-domain:0.0.1-SNAPSHOT with classifier null to /base-domain/target/classes
2025-04-17 12:06:31,937 [Worker-11: Launching stock-service - StockServiceApplication] INFO  o.e.m.c.i.p.WorkspaceClassifierResolverManager - Resolving P/base-domain: com.base:base-domain:0.0.1-SNAPSHOT with classifier null to /base-domain/target/classes
2025-04-17 12:06:31,981 [Worker-11: Launching stock-service - StockServiceApplication] INFO  o.e.m.c.i.p.WorkspaceClassifierResolverManager - Resolving P/base-domain: com.base:base-domain:0.0.1-SNAPSHOT with classifier null to /base-domain/target/classes
2025-04-17 12:07:21,328 [Worker-13: Launching email-service - EmailServiceApplication] INFO  o.e.m.c.i.p.WorkspaceClassifierResolverManager - Resolving P/base-domain: com.base:base-domain:0.0.1-SNAPSHOT with classifier null to /base-domain/target/classes
2025-04-17 12:07:21,362 [Worker-13: Launching email-service - EmailServiceApplication] INFO  o.e.m.c.i.p.WorkspaceClassifierResolverManager - Resolving P/base-domain: com.base:base-domain:0.0.1-SNAPSHOT with classifier null to /base-domain/target/classes
2025-04-17 12:07:21,394 [Worker-13: Launching email-service - EmailServiceApplication] INFO  o.e.m.c.i.p.WorkspaceClassifierResolverManager - Resolving P/base-domain: com.base:base-domain:0.0.1-SNAPSHOT with classifier null to /base-domain/target/classes
2025-04-17 12:17:17,547 [ModalContext] ERROR o.e.m.c.i.p.r.ProjectRegistryReader - Can't write workspace state
java.io.FileNotFoundException: /home/avanish/Documents/springboot-kafka-microservices/.metadata/.plugins/org.eclipse.m2e.core/workspaceState.ser (No such file or directory)
	at java.base/java.io.FileOutputStream.open0(Native Method)
	at java.base/java.io.FileOutputStream.open(FileOutputStream.java:289)
	at java.base/java.io.FileOutputStream.<init>(FileOutputStream.java:230)
	at java.base/java.io.FileOutputStream.<init>(FileOutputStream.java:179)
	at org.eclipse.m2e.core.internal.project.registry.ProjectRegistryReader.createObjectOutputStream(ProjectRegistryReader.java:127)
	at org.eclipse.m2e.core.internal.project.registry.ProjectRegistryReader.writeWorkspaceState(ProjectRegistryReader.java:116)
	at org.eclipse.m2e.core.internal.project.registry.ProjectRegistryManager.writeWorkspaceState(ProjectRegistryManager.java:1047)
	at org.eclipse.m2e.core.internal.project.registry.ProjectRegistryManager.saving(ProjectRegistryManager.java:1198)
	at org.eclipse.core.internal.resources.SaveManager.executeLifecycle(SaveManager.java:453)
	at org.eclipse.core.internal.resources.SaveManager$1.run(SaveManager.java:269)
	at org.eclipse.core.runtime.SafeRunner.run(SafeRunner.java:47)
	at org.eclipse.core.internal.resources.SaveManager.broadcastLifecycle(SaveManager.java:272)
	at org.eclipse.core.internal.resources.SaveManager.save(SaveManager.java:1226)
	at org.eclipse.core.internal.resources.Workspace.save(Workspace.java:2492)
	at org.eclipse.ui.internal.ide.application.IDEWorkbenchAdvisor.lambda$1(IDEWorkbenchAdvisor.java:553)
	at org.eclipse.jface.operation.ModalContext$ModalContextThread.run(ModalContext.java:124)
